[    0.000000] Initializing cgroup subsys cpuset
[    0.000000] Initializing cgroup subsys cpu
[    0.000000] Initializing cgroup subsys cpuacct
[    0.000000] Linux version 4.4.0-104-generic (buildd@lgw01-amd64-022) (gcc version 5.4.0 20160609 (Ubuntu 5.4.0-6ubuntu1~16.04.5) ) #127-Ubuntu SMP Mon Dec 11 12:16:42 UTC 2017 (Ubuntu 4.4.0-104.127-generic 4.4.98)
[    0.000000] Command line: BOOT_IMAGE=/boot/vmlinuz-4.4.0-104-generic root=UUID=743b1402-d445-494c-af0b-749040bb33e4 ro console=tty1 console=ttyS0
[    0.000000] KERNEL supported cpus:
[    0.000000]   Intel GenuineIntel
[    0.000000]   AMD AuthenticAMD
[    0.000000]   Centaur CentaurHauls
[    0.000000] x86/fpu: xstate_offset[2]:  576, xstate_sizes[2]:  256
[    0.000000] x86/fpu: Supporting XSAVE feature 0x01: 'x87 floating point registers'
[    0.000000] x86/fpu: Supporting XSAVE feature 0x02: 'SSE registers'
[    0.000000] x86/fpu: Supporting XSAVE feature 0x04: 'AVX registers'
[    0.000000] x86/fpu: Enabled xstate features 0x7, context size is 832 bytes, using 'standard' format.
[    0.000000] x86/fpu: Using 'lazy' FPU context switches.
[    0.000000] e820: BIOS-provided physical RAM map:
[    0.000000] BIOS-e820: [mem 0x0000000000000000-0x000000000009fbff] usable
[    0.000000] BIOS-e820: [mem 0x000000000009fc00-0x000000000009ffff] reserved
[    0.000000] BIOS-e820: [mem 0x00000000000f0000-0x00000000000fffff] reserved
[    0.000000] BIOS-e820: [mem 0x0000000000100000-0x000000003ffeffff] usable
[    0.000000] BIOS-e820: [mem 0x000000003fff0000-0x000000003fffffff] ACPI data
[    0.000000] BIOS-e820: [mem 0x00000000fec00000-0x00000000fec00fff] reserved
[    0.000000] BIOS-e820: [mem 0x00000000fee00000-0x00000000fee00fff] reserved
[    0.000000] BIOS-e820: [mem 0x00000000fffc0000-0x00000000ffffffff] reserved
[    0.000000] NX (Execute Disable) protection: active
[    0.000000] SMBIOS 2.5 present.
[    0.000000] Hypervisor detected: KVM
[    0.000000] e820: last_pfn = 0x3fff0 max_arch_pfn = 0x400000000
[    0.000000] MTRR: Disabled
[    0.000000] x86/PAT: MTRRs disabled, skipping PAT initialization too.
[    0.000000] CPU MTRRs all blank - virtualized system.
[    0.000000] x86/PAT: Configuration [0-7]: WB  WT  UC- UC  WB  WT  UC- UC  
[    0.000000] found SMP MP-table at [mem 0x0009fff0-0x0009ffff] mapped at [ffff88000009fff0]
[    0.000000] Scanning 1 areas for low memory corruption
[    0.000000] RAMDISK: [mem 0x36232000-0x37110fff]
[    0.000000] ACPI: Early table checksum verification disabled
[    0.000000] ACPI: RSDP 0x00000000000E0000 000024 (v02 VBOX  )
[    0.000000] ACPI: XSDT 0x000000003FFF0030 00003C (v01 VBOX   VBOXXSDT 00000001 ASL  00000061)
[    0.000000] ACPI: FACP 0x000000003FFF00F0 0000F4 (v04 VBOX   VBOXFACP 00000001 ASL  00000061)
[    0.000000] ACPI: DSDT 0x000000003FFF0470 0021FF (v02 VBOX   VBOXBIOS 00000002 INTL 20100528)
[    0.000000] ACPI: FACS 0x000000003FFF0200 000040
[    0.000000] ACPI: FACS 0x000000003FFF0200 000040
[    0.000000] ACPI: APIC 0x000000003FFF0240 00005C (v02 VBOX   VBOXAPIC 00000001 ASL  00000061)
[    0.000000] ACPI: SSDT 0x000000003FFF02A0 0001CC (v01 VBOX   VBOXCPUT 00000002 INTL 20100528)
[    0.000000] No NUMA configuration found
[    0.000000] Faking a node at [mem 0x0000000000000000-0x000000003ffeffff]
[    0.000000] NODE_DATA(0) allocated [mem 0x3ffeb000-0x3ffeffff]
[    0.000000] kvm-clock: Using msrs 4b564d01 and 4b564d00
[    0.000000] kvm-clock: cpu 0, msr 0:3ffe3001, primary cpu clock
[    0.000000] kvm-clock: using sched offset of 3406041280 cycles
[    0.000000] clocksource: kvm-clock: mask: 0xffffffffffffffff max_cycles: 0x1cd42e4dffb, max_idle_ns: 881590591483 ns
[    0.000000] Zone ranges:
[    0.000000]   DMA      [mem 0x0000000000001000-0x0000000000ffffff]
[    0.000000]   DMA32    [mem 0x0000000001000000-0x000000003ffeffff]
[    0.000000]   Normal   empty
[    0.000000]   Device   empty
[    0.000000] Movable zone start for each node
[    0.000000] Early memory node ranges
[    0.000000]   node   0: [mem 0x0000000000001000-0x000000000009efff]
[    0.000000]   node   0: [mem 0x0000000000100000-0x000000003ffeffff]
[    0.000000] Initmem setup node 0 [mem 0x0000000000001000-0x000000003ffeffff]
[    0.000000] ACPI: PM-Timer IO Port: 0x4008
[    0.000000] IOAPIC[0]: apic_id 2, version 32, address 0xfec00000, GSI 0-23
[    0.000000] ACPI: INT_SRC_OVR (bus 0 bus_irq 0 global_irq 2 dfl dfl)
[    0.000000] ACPI: INT_SRC_OVR (bus 0 bus_irq 9 global_irq 9 high level)
[    0.000000] Using ACPI (MADT) for SMP configuration information
[    0.000000] smpboot: Allowing 2 CPUs, 0 hotplug CPUs
[    0.000000] PM: Registered nosave memory: [mem 0x00000000-0x00000fff]
[    0.000000] PM: Registered nosave memory: [mem 0x0009f000-0x0009ffff]
[    0.000000] PM: Registered nosave memory: [mem 0x000a0000-0x000effff]
[    0.000000] PM: Registered nosave memory: [mem 0x000f0000-0x000fffff]
[    0.000000] e820: [mem 0x40000000-0xfebfffff] available for PCI devices
[    0.000000] Booting paravirtualized kernel on KVM
[    0.000000] clocksource: refined-jiffies: mask: 0xffffffff max_cycles: 0xffffffff, max_idle_ns: 7645519600211568 ns
[    0.000000] setup_percpu: NR_CPUS:512 nr_cpumask_bits:512 nr_cpu_ids:2 nr_node_ids:1
[    0.000000] PERCPU: Embedded 33 pages/cpu @ffff88003fc00000 s98200 r8192 d28776 u1048576
[    0.000000] PV qspinlock hash table entries: 256 (order: 0, 4096 bytes)
[    0.000000] Built 1 zonelists in Node order, mobility grouping on.  Total pages: 257913
[    0.000000] Policy zone: DMA32
[    0.000000] Kernel command line: BOOT_IMAGE=/boot/vmlinuz-4.4.0-104-generic root=UUID=743b1402-d445-494c-af0b-749040bb33e4 ro console=tty1 console=ttyS0
[    0.000000] PID hash table entries: 4096 (order: 3, 32768 bytes)
[    0.000000] Memory: 997344K/1048120K available (8485K kernel code, 1295K rwdata, 3988K rodata, 1492K init, 1316K bss, 50776K reserved, 0K cma-reserved)
[    0.000000] SLUB: HWalign=64, Order=0-3, MinObjects=0, CPUs=2, Nodes=1
[    0.000000] Hierarchical RCU implementation.
[    0.000000] 	Build-time adjustment of leaf fanout to 64.
[    0.000000] 	RCU restricting CPUs from NR_CPUS=512 to nr_cpu_ids=2.
[    0.000000] RCU: Adjusting geometry for rcu_fanout_leaf=64, nr_cpu_ids=2
[    0.000000] NR_IRQS:33024 nr_irqs:440 16
[    0.000000] Console: colour VGA+ 80x25
[    0.000000] console [tty1] enabled
[    0.000000] console [ttyS0] enabled
[    0.000000] tsc: Detected 3392.294 MHz processor
[   10.457989] Calibrating delay loop (skipped) preset value.. 6784.58 BogoMIPS (lpj=13569176)
[   10.624659] pid_max: default: 32768 minimum: 301
[   10.745027] ACPI: Core revision 20150930
[   10.858368] ACPI: 2 ACPI AML tables successfully acquired and loaded
[   10.956160] Security Framework initialized
[   10.987322] Yama: becoming mindful.
[   11.046034] AppArmor: AppArmor initialized
[   11.062527] Dentry cache hash table entries: 131072 (order: 8, 1048576 bytes)
[   11.071278] Inode-cache hash table entries: 65536 (order: 7, 524288 bytes)
[   11.227456] Mount-cache hash table entries: 2048 (order: 2, 16384 bytes)
[   11.334759] Mountpoint-cache hash table entries: 2048 (order: 2, 16384 bytes)
[   11.335947] Initializing cgroup subsys io
[   11.394710] Initializing cgroup subsys memory
[   11.395456] Initializing cgroup subsys devices
[   11.427285] Initializing cgroup subsys freezer
[   11.459508] Initializing cgroup subsys net_cls
[   11.467506] Initializing cgroup subsys perf_event
[   11.502628] Initializing cgroup subsys net_prio
[   11.505376] Initializing cgroup subsys hugetlb
[   11.535118] Initializing cgroup subsys pids
[   11.547915] CPU: Physical Processor ID: 0
[   11.548608] CPU: Processor Core ID: 0
[   11.549522] mce: CPU supports 0 MCE banks
[   11.550235] Last level iTLB entries: 4KB 512, 2MB 8, 4MB 8
[   11.555127] Last level dTLB entries: 4KB 512, 2MB 32, 4MB 32, 1GB 0
[   11.699478] Freeing SMP alternatives memory: 32K
[   11.838480] ftrace: allocating 32158 entries in 126 pages
[   12.015638] smpboot: APIC(0) Converting physical 0 to logical package 0
[   12.051255] smpboot: Max logical packages: 1
[   12.091944] x2apic enabled
[   12.167360] Switched APIC routing to physical x2apic.
[   12.297275] ..TIMER: vector=0x30 apic1=0 pin1=2 apic2=-1 pin2=-1
[   12.562955] smpboot: CPU0: Intel(R) Core(TM) i7-3770 CPU @ 3.40GHz (family: 0x6, model: 0x3a, stepping: 0x9)
[   12.800230] Performance Events: unsupported p6 CPU model 58 no PMU driver, software events only.
[   12.887558] KVM setup paravirtual spinlock
[   12.890207] x86: Booting SMP configuration:
[   12.947434] .... node  #0, CPUs:      #1
[   12.985828] kvm-clock: cpu 1, msr 0:3ffe3041, secondary cpu clock
[   13.130816] mce: CPU supports 0 MCE banks
[   13.164793] x86: Booted up 1 node, 2 CPUs
[   13.252536] smpboot: Total of 2 processors activated (13569.17 BogoMIPS)
[   13.418865] devtmpfs: initialized
[   13.491362] evm: security.selinux
[   13.564361] evm: security.SMACK64
[   13.622899] evm: security.SMACK64EXEC
[   13.694375] evm: security.SMACK64TRANSMUTE
[   13.803436] evm: security.SMACK64MMAP
[   13.907943] evm: security.ima
[   13.973427] evm: security.capability
[   14.064692] clocksource: jiffies: mask: 0xffffffff max_cycles: 0xffffffff, max_idle_ns: 7645041785100000 ns
[   14.206764] futex hash table entries: 512 (order: 3, 32768 bytes)
[   14.329258] pinctrl core: initialized pinctrl subsystem
[   14.330202] RTC time:  0:19:04, date: 01/02/18
[   14.334662] NET: Registered protocol family 16
[   14.424723] cpuidle: using governor ladder
[   14.545262] cpuidle: using governor menu
[   14.609534] PCCT header not found.
[   14.625383] ACPI: bus type PCI registered
[   14.644213] acpiphp: ACPI Hot Plug PCI Controller Driver version: 0.5
[   14.645304] PCI: Using configuration type 1 for base access
[   14.689806] ACPI: Added _OSI(Module Device)
[   14.734136] ACPI: Added _OSI(Processor Device)
[   14.844539] ACPI: Added _OSI(3.0 _SCP Extensions)
[   14.960091] ACPI: Added _OSI(Processor Aggregator Device)
[   15.084680] ACPI: Executed 1 blocks of module-level executable AML code
[   15.246015] ACPI: Interpreter enabled
[   15.343596] ACPI: (supports S0 S5)
[   15.409586] ACPI: Using IOAPIC for interrupt routing
[   15.444660] PCI: Using host bridge windows from ACPI; if necessary, use "pci=nocrs" and report a bug
[   15.596484] ACPI: PCI Root Bridge [PCI0] (domain 0000 [bus 00-ff])
[   15.721676] acpi PNP0A03:00: _OSC: OS supports [ASPM ClockPM Segments MSI]
[   15.872783] acpi PNP0A03:00: _OSC: not requesting OS control; OS requires [ExtendedConfig ASPM ClockPM MSI]
[   16.080517] acpi PNP0A03:00: fail to add MMCONFIG information, can't access extended PCI configuration space under this bridge.
[   16.364889] PCI host bridge to bus 0000:00
[   16.439243] pci_bus 0000:00: root bus resource [io  0x0000-0x0cf7 window]
[   16.585298] pci_bus 0000:00: root bus resource [io  0x0d00-0xffff window]
[   16.746333] pci_bus 0000:00: root bus resource [mem 0x000a0000-0x000bffff window]
[   16.777210] pci_bus 0000:00: root bus resource [mem 0x40000000-0xffdfffff window]
[   16.976093] pci_bus 0000:00: root bus resource [bus 00-ff]
[   17.121446] pci 0000:00:01.1: legacy IDE quirk: reg 0x10: [io  0x01f0-0x01f7]
[   17.259895] pci 0000:00:01.1: legacy IDE quirk: reg 0x14: [io  0x03f6]
[   17.315721] pci 0000:00:01.1: legacy IDE quirk: reg 0x18: [io  0x0170-0x0177]
[   17.316791] pci 0000:00:01.1: legacy IDE quirk: reg 0x1c: [io  0x0376]
[   17.328448] pci 0000:00:07.0: quirk: [io  0x4000-0x403f] claimed by PIIX4 ACPI
[   17.480674] pci 0000:00:07.0: quirk: [io  0x4100-0x410f] claimed by PIIX4 SMB
[   17.656740] ACPI: PCI Interrupt Link [LNKA] (IRQs 5 9 10 *11)
[   17.800994] ACPI: PCI Interrupt Link [LNKB] (IRQs 5 9 10 *11)
[   17.825891] ACPI: PCI Interrupt Link [LNKC] (IRQs 5 9 *10 11)
[   17.933599] ACPI: PCI Interrupt Link [LNKD] (IRQs 5 *9 10 11)
[   18.049087] ACPI: Enabled 2 GPEs in block 00 to 07
[   18.128525] vgaarb: setting as boot device: PCI:0000:00:02.0
[   18.252997] vgaarb: device added: PCI:0000:00:02.0,decodes=io+mem,owns=io+mem,locks=none
[   18.468260] vgaarb: loaded
[   18.530964] vgaarb: bridge control possible 0000:00:02.0
[   18.670789] SCSI subsystem initialized
[   18.767623] ACPI: bus type USB registered
[   18.858574] usbcore: registered new interface driver usbfs
[   18.888083] usbcore: registered new interface driver hub
[   19.000633] usbcore: registered new device driver usb
[   19.095765] PCI: Using ACPI for IRQ routing
[   19.198878] NetLabel: Initializing
[   19.278634] NetLabel:  domain hash size = 128
[   19.348641] NetLabel:  protocols = UNLABELED CIPSOv4
[   19.468702] NetLabel:  unlabeled traffic allowed by default
[   19.571336] amd_nb: Cannot enumerate AMD northbridges
[   19.676708] clocksource: Switched to clocksource kvm-clock
[   19.800510] AppArmor: AppArmor Filesystem Enabled
[   19.906363] pnp: PnP ACPI init
[   19.907595] pnp: PnP ACPI: found 3 devices
[   19.924534] clocksource: acpi_pm: mask: 0xffffff max_cycles: 0xffffff, max_idle_ns: 2085701024 ns
[   20.173070] NET: Registered protocol family 2
[   20.310919] TCP established hash table entries: 8192 (order: 4, 65536 bytes)
[   20.349849] TCP bind hash table entries: 8192 (order: 5, 131072 bytes)
[   20.364835] TCP: Hash tables configured (established 8192 bind 8192)
[   20.494422] UDP hash table entries: 512 (order: 2, 16384 bytes)
[   20.495339] UDP-Lite hash table entries: 512 (order: 2, 16384 bytes)
[   20.624517] NET: Registered protocol family 1
[   20.744812] pci 0000:00:00.0: Limiting direct PCI/PCI transfers
[   20.932877] pci 0000:00:01.0: Activating ISA DMA hang workarounds
[   20.976074] Unpacking initramfs...
[   21.164863] Freeing initrd memory: 15228K
[   21.245499] RAPL PMU detected, API unit is 2^-32 Joules, 3 fixed counters 10737418240 ms ovfl timer
[   21.246941] hw unit of domain pp0-core 2^-0 Joules
[   21.257212] hw unit of domain package 2^-0 Joules
[   21.260970] hw unit of domain pp1-gpu 2^-0 Joules
[   21.261823] platform rtc_cmos: registered platform RTC device (no PNP device found)
[   21.264628] Scanning for low memory corruption every 60 seconds
[   21.272325] audit: initializing netlink subsys (disabled)
[   21.398410] audit: type=2000 audit(1514852337.553:1): initialized
[   21.439654] Initialise system trusted keyring
[   21.453326] HugeTLB registered 2 MB page size, pre-allocated 0 pages
[   21.455425] zbud: loaded
[   21.456148] VFS: Disk quotas dquot_6.6.0
[   21.456854] VFS: Dquot-cache hash table entries: 512 (order 0, 4096 bytes)
[   21.461100] squashfs: version 4.0 (2009/01/31) Phillip Lougher
[   21.462307] fuse init (API version 7.23)
[   21.472767] Key type big_key registered
[   21.473474] Allocating IMA MOK and blacklist keyrings.
[   21.475579] Key type asymmetric registered
[   21.483678] Asymmetric key parser 'x509' registered
[   21.484527] Block layer SCSI generic (bsg) driver version 0.4 loaded (major 249)
[   21.496769] io scheduler noop registered
[   21.498728] io scheduler deadline registered (default)
[   21.502576] io scheduler cfq registered
[   21.503307] pci_hotplug: PCI Hot Plug PCI Core version: 0.5
[   21.504173] pciehp: PCI Express Hot Plug Controller Driver version: 0.4
[   21.508238] ACPI: AC Adapter [AC] (on-line)
[   21.516259] input: Power Button as /devices/LNXSYSTM:00/LNXPWRBN:00/input/input0
[   21.641810] ACPI: Power Button [PWRF]
[   21.642529] input: Sleep Button as /devices/LNXSYSTM:00/LNXSLPBN:00/input/input1
[   21.643777] ACPI: Sleep Button [SLPF]
[   21.644593] GHES: HEST is not enabled!
[   21.646764] Serial: 8250/16550 driver, 32 ports, IRQ sharing enabled
[   21.669792] 00:02: ttyS0 at I/O 0x3f8 (irq = 4, base_baud = 115200) is a 16550A
[   21.690112] Linux agpgart interface v0.103
[   21.694169] loop: module loaded
[   21.698424] scsi host0: ata_piix
[   21.699234] scsi host1: ata_piix
[   21.793906] ata1: PATA max UDMA/33 cmd 0x1f0 ctl 0x3f6 bmdma 0xd000 irq 14
[   21.863447] ata2: PATA max UDMA/33 cmd 0x170 ctl 0x376 bmdma 0xd008 irq 15
[   21.903964] libphy: Fixed MDIO Bus: probed
[   22.007976] tun: Universal TUN/TAP device driver, 1.6
[   22.016016] tun: (C) 1999-2004 Max Krasnyansky <maxk@qualcomm.com>
[   22.046423] PPP generic driver version 2.4.2
[   22.048785] ehci_hcd: USB 2.0 'Enhanced' Host Controller (EHCI) Driver
[   22.064952] ehci-pci: EHCI PCI platform driver
[   22.067289] ehci-platform: EHCI generic platform driver
[   22.226975] ohci_hcd: USB 1.1 'Open' Host Controller (OHCI) Driver
[   22.339744] tsc: Refined TSC clocksource calibration: 3392.914 MHz
[   22.514558] clocksource: tsc: mask: 0xffffffffffffffff max_cycles: 0x30e828eedef, max_idle_ns: 440795366354 ns
[   22.514594] ohci-pci: OHCI PCI platform driver
[   22.514620] ohci-platform: OHCI generic platform driver
[   22.514643] uhci_hcd: USB Universal Host Controller Interface driver
[   22.514695] i8042: PNP: PS/2 Controller [PNP0303:PS2K,PNP0f03:PS2M] at 0x60,0x64 irq 1,12
[   22.515116] serio: i8042 KBD port at 0x60,0x64 irq 1
[   22.515120] serio: i8042 AUX port at 0x60,0x64 irq 12
[   22.515232] mousedev: PS/2 mouse device common for all mice
[   22.515437] input: AT Translated Set 2 keyboard as /devices/platform/i8042/serio0/input/input2
[   22.515746] rtc_cmos rtc_cmos: rtc core: registered rtc_cmos as rtc0
[   22.515792] rtc_cmos rtc_cmos: alarms up to one day, 114 bytes nvram
[   22.515796] i2c /dev entries driver
[   22.515836] device-mapper: uevent: version 1.0.3
[   22.515880] device-mapper: ioctl: 4.34.0-ioctl (2015-10-28) initialised: dm-devel@redhat.com
[   22.515892] ledtrig-cpu: registered to indicate activity on CPUs
[   22.516105] NET: Registered protocol family 10
[   22.516233] NET: Registered protocol family 17
[   22.516240] Key type dns_resolver registered
[   22.516343] microcode: CPU0 sig=0x306a9, pf=0x2, revision=0x19
[   22.642408] microcode: CPU1 sig=0x306a9, pf=0x2, revision=0x19
[   22.642448] microcode: Microcode Update Driver: v2.01 <tigran@aivazian.fsnet.co.uk>, Peter Oruba
[   22.642544] registered taskstats version 1
[   22.642558] Loading compiled-in X.509 certificates
[   22.643153] Loaded X.509 cert 'Build time autogenerated kernel key: 8537ad706776f532219d7336343c968b9f82f7c7'
[   22.643168] zswap: loaded using pool lzo/zbud
[   22.644281] Key type trusted registered
[   22.646343] Key type encrypted registered
[   22.646346] AppArmor: AppArmor sha1 policy hashing enabled
[   22.646349] ima: No TPM chip found, activating TPM-bypass!
[   22.646362] evm: HMAC attrs: 0x1
[   22.646580]   Magic number: 2:385:303
[   22.646596] tty tty32: hash matches
[   22.769542] rtc_cmos rtc_cmos: setting system clock to 2018-01-02 00:19:13 UTC (1514852353)
[   22.769641] BIOS EDD facility v0.16 2004-Jun-25, 0 devices found
[   22.769641] EDD information not available.
[   23.579234] Freeing unused kernel memory: 1492K
[   23.691674] Write protecting the kernel read-only data: 14336k
[   23.869210] Freeing unused kernel memory: 1744K
[   24.000999] Freeing unused kernel memory: 108K
Loading, please [   24.125349] random: systemd-udevd: uninitialized urandom read (16 bytes read, 4 bits of entropy available)
wait...
startin[   24.125777] random: udevadm: uninitialized urandom read (16 bytes read, 4 bits of entropy available)
g version 229
[   24.125791] random: udevadm: uninitialized urandom read (16 bytes read, 4 bits of entropy available)
[   24.131700] random: udevadm: uninitialized urandom read (16 bytes read, 4 bits of entropy available)
[   24.131730] random: udevadm: uninitialized urandom read (16 bytes read, 4 bits of entropy available)
[   24.131819] random: udevadm: uninitialized urandom read (16 bytes read, 4 bits of entropy available)
[   24.131870] random: udevadm: uninitialized urandom read (16 bytes read, 4 bits of entropy available)
[   24.131904] random: udevadm: uninitialized urandom read (16 bytes read, 4 bits of entropy available)
[   24.131938] random: udevadm: uninitialized urandom read (16 bytes read, 4 bits of entropy available)
[   24.131974] random: udevadm: uninitialized urandom read (16 bytes read, 4 bits of entropy available)
[   25.983753] Fusion MPT base driver 3.04.20
[   26.116987] Copyright (c) 1999-2008 LSI Corporation
[   26.237672] e1000: Intel(R) PRO/1000 Network Driver - version 7.3.21-k8-NAPI
[   26.259147] e1000: Copyright (c) 1999-2006 Intel Corporation.
[   26.322297] Fusion MPT SPI Host driver 3.04.20
[   26.342811] AVX version of gcm_enc/dec engaged.
[   26.349421] AES CTR mode by8 optimization enabled
[   26.525286] input: ImExPS/2 Generic Explorer Mouse as /devices/platform/i8042/serio1/input/input4
[   26.688469] e1000 0000:00:03.0 eth0: (PCI:33MHz:32-bit) 02:63:8e:2c:ef:cd
[   26.755029] e1000 0000:00:03.0 eth0: Intel(R) PRO/1000 Network Connection
[   26.932483] mptbase: ioc0: Initiating bringup
[   27.056123] e1000 0000:00:03.0 enp0s3: renamed from eth0
[   27.293178] ioc0: LSI53C1030 A0: Capabilities={Initiator}
[   27.499039] scsi host2: ioc0: LSI53C1030 A0, FwRev=00000000h, Ports=1, MaxQ=256, IRQ=20
[   27.841938] scsi 2:0:0:0: Direct-Access     VBOX     HARDDISK         1.0  PQ: 0 ANSI: 5
[   28.028559] scsi target2:0:0: Beginning Domain Validation
[   28.078206] scsi target2:0:0: Domain Validation skipping write tests
[   28.088770] scsi target2:0:0: Ending Domain Validation
[   28.125391] scsi target2:0:0: asynchronous
[   28.242074] scsi 2:0:1:0: Direct-Access     VBOX     HARDDISK         1.0  PQ: 0 ANSI: 5
[   28.399618] scsi target2:0:1: Beginning Domain Validation
[   28.508569] scsi target2:0:1: Domain Validation skipping write tests
[   28.693855] scsi target2:0:1: Ending Domain Validation
[   28.826899] scsi target2:0:1: asynchronous
[   28.941405] sd 2:0:0:0: [sda] 20971520 512-byte logical blocks: (10.7 GB/10.0 GiB)
[   28.941612] sd 2:0:0:0: Attached scsi generic sg0 type 0
[   28.941920] sd 2:0:1:0: Attached scsi generic sg1 type 0
[   28.942112] sd 2:0:1:0: [sdb] 20480 512-byte logical blocks: (10.5 MB/10.0 MiB)
[   28.942199] sd 2:0:1:0: [sdb] Write Protect is off
[   28.942257] sd 2:0:1:0: [sdb] Incomplete mode parameter data
[   28.942257] sd 2:0:1:0: [sdb] Assuming drive cache: write through
[   28.964911] sd 2:0:1:0: [sdb] Attached SCSI disk
[   29.347827] sd 2:0:0:0: [sda] Write Protect is off
[   29.421478] floppy0: no floppy controllers found
[   29.421572] sd 2:0:0:0: [sda] Incomplete mode parameter data
[   29.421573] sd 2:0:0:0: [sda] Assuming drive cache: write through
[   29.442764]  sda: sda1
[   29.443335] sd 2:0:0:0: [sda] Attached SCSI disk
Begin: Loading e[   30.805950] md: linear personality registered for level -1
ssential drivers[   30.827843] md: multipath personality registered for level -4
 ... [   30.906311] md: raid0 personality registered for level 0
[   31.095798] md: raid1 personality registered for level 1
[   31.304773] raid6: sse2x1   gen()  9776 MB/s
[   31.384785] raid6: sse2x1   xor()  7807 MB/s
[   31.556816] raid6: sse2x2   gen() 12249 MB/s
[   31.632819] raid6: sse2x2   xor()  8569 MB/s
[   31.808842] raid6: sse2x4   gen() 14271 MB/s
[   31.996861] raid6: sse2x4   xor() 10490 MB/s
[   32.063846] raid6: using algorithm sse2x4 gen() 14271 MB/s
[   32.070699] raid6: .... xor() 10490 MB/s, rmw enabled
[   32.103971] raid6: using ssse3x2 recovery algorithm
[   32.247541] xor: automatically using best checksumming function:
[   32.412954]    avx       : 20137.000 MB/sec
[   32.518316] async_tx: api initialized (async)
[   32.530172] md: raid6 personality registered for level 6
[   32.614969] md: raid5 personality registered for level 5
[   32.647885] md: raid4 personality registered for level 4
[   32.658887] md: raid10 personality registered for level 10
done.
Begin: Running /scripts/init-premount ...[   32.800872] Btrfs loaded
 done.
Begin: Mounting root file system ... Begin: Running /scr[   32.834934] EXT4-fs (sda1): INFO: recovery required on readonly filesystem
ipts/local-top .[   32.849479] EXT4-fs (sda1): write access will be enabled during recovery
.. done.
Begin: Running /scripts/local-premount ... Scanning for Btrfs filesystems
done.
Warning: fsck not present, so skipping root file system
[   33.445557] EXT4-fs (sda1): recovery complete
[   33.461402] EXT4-fs (sda1): mounted filesystem with ordered data mode. Opts: (null)
done.
Begin: Running /scripts/local-bottom ... done.
Begin: Running /scripts/init-bottom ... done.
[   33.832245] random: nonblocking pool is initialized
[   34.114467] systemd[1]: systemd 229 running in system mode. (+PAM +AUDIT +SELINUX +IMA +APPARMOR +SMACK +SYSVINIT +UTMP +LIBCRYPTSETUP +GCRYPT +GNUTLS +ACL +XZ -LZ4 +SECCOMP +BLKID +ELFUTILS +KMOD -IDN)
[   34.494350] systemd[1]: Detected virtualization oracle.
[   34.495192] systemd[1]: Detected architecture x86-64.

Welcome to [1mUbuntu 16.04.3 LTS[0m!

[   34.556720] systemd[1]: Set hostname to <ubuntu-xenial>.
[   35.515661] systemd[1]: Listening on /dev/initctl Compatibility Named Pipe.
[[0;32m  OK  [0m] Listening on /dev/initctl Compatibility Named Pipe.
[   35.637290] systemd[1]: Listening on Journal Socket (/dev/log).
[[0;32m  OK  [0m] Listening on Journal Socket (/dev/log).
[   35.725251] systemd[1]: Listening on LVM2 poll daemon socket.
[[0;32m  OK  [0m] Listening on LVM2 poll daemon socket.
[   35.873050] systemd[1]: Listening on udev Kernel Socket.
[[0;32m  OK  [0m] Listening on udev Kernel Socket.
[   35.937225] systemd[1]: Reached target User and Group Name Lookups.
[[0;32m  OK  [0m] Reached target User and Group Name Lookups.
[   36.048466] systemd[1]: Listening on udev Control Socket.
[[0;32m  OK  [0m] Listening on udev Control Socket.
[   36.161757] systemd[1]: Created slice User and Session Slice.
[[0;32m  OK  [0m] Created slice User and Session Slice.
[   36.397255] systemd[1]: Reached target Encrypted Volumes.
[[0;32m  OK  [0m] Reached target Encrypted Volumes.
[   36.509515] systemd[1]: Set up automount Arbitrary Executable File Formats File System Automount Point.
[[0;32m  OK  [0m] Set up automount Arbitrary Executab...ats File System Automount Point.
[   36.621289] systemd[1]: Listening on Journal Socket.
[[0;32m  OK  [0m] Listening on Journal Socket.
[   36.665385] systemd[1]: Started Trigger resolvconf update for networkd DNS.
[[0;32m  OK  [0m] Started Trigger resolvconf update for networkd DNS.
[   36.901330] systemd[1]: Listening on LVM2 metadata daemon socket.
[[0;32m  OK  [0m] Listening on LVM2 metadata daemon socket.
[   36.945214] systemd[1]: Reached target Swap.
[[0;32m  OK  [0m] Reached target Swap.
[   37.001243] systemd[1]: Listening on Syslog Socket.
[[0;32m  OK  [0m] Listening on Syslog Socket.
[   37.091830] systemd[1]: Listening on Journal Audit Socket.
[[0;32m  OK  [0m] Listening on Journal Audit Socket.
[   37.277820] systemd[1]: Created slice System Slice.
[[0;32m  OK  [0m] Created slice System Slice.
[   37.389185] systemd[1]: Mounting Debug File System...
         Mounting Debug File System...
[   37.489376] systemd[1]: Reached target Slices.
[[0;32m  OK  [0m] Reached target Slices.
[   37.681318] systemd[1]: Starting Load Kernel Modules...
[   37.780218] Loading iSCSI transport class v2.0-870.
         Starting Load Ke[   37.953678] iscsi: registered transport (tcp)
rnel Modules...
[   38.060895] systemd[1]: Mounting Huge Pages File System...
         Mounting Huge Pa[   38.218071] iscsi: registered transport (iser)
ges File System...
[   38.230322] systemd[1]: Starting Remount Root and Kernel File Systems...
         [   38.255486] EXT4-fs (sda1): re-mounted. Opts: (null)
Starting Remount Root and Kernel File Systems...
[   38.444897] systemd[1]: Starting Nameserver information manager...
         Starting Nameserver information manager...
[   38.593927] systemd[1]: Starting Set console keymap...
         Starting Set console keymap...
[   38.782002] systemd[1]: Created slice system-serial\x2dgetty.slice.
[[0;32m  OK  [0m] Created slice system-serial\x2dgetty.slice.
[   38.925029] systemd[1]: Starting Journal Service...
         Starting Journal Service...
[   39.092947] systemd[1]: Starting Uncomplicated firewall...
         Starting Uncomplicated firewall...
[   39.160977] systemd[1]: Started Forward Password Requests to Wall Directory Watch.
[[0;32m  OK  [0m] Started Forward Password Requests to Wall Directory Watch.
[   39.560199] systemd[1]: Listening on Device-mapper event daemon FIFOs.
[[0;32m  OK  [0m] Listening on Device-mapper event daemon FIFOs.
[   39.712966] systemd[1]: Starting Monitoring of LVM2 mirrors, snapshots etc. using dmeventd or progress polling...
         Starting Monitoring of LVM2 mirrors... dmeventd or progress polling...
[   39.785078] systemd[1]: Starting Create list of required static device nodes for the current kernel...
         Starting Create list of required st... nodes for the current kernel...
[   39.965022] systemd[1]: Mounting POSIX Message Queue File System...
         Mounting POSIX Message Queue File System...
[   40.098119] systemd[1]: Mounted POSIX Message Queue File System.
[[0;32m  OK  [0m] Mounted POSIX Message Queue File System.
[   40.153123] systemd[1]: Mounted Debug File System.
[[0;32m  OK  [0m] Mounted Debug File System.
[   40.189059] systemd[1]: Mounted Huge Pages File System.
[[0;32m  OK  [0m] Mounted Huge Pages File System.
[   40.253436] systemd[1]: Started Journal Service.
[[0;32m  OK  [0m] Started Journal Service.
[[0;32m  OK  [0m] Started Load Kernel Modules.
[[0;32m  OK  [0m] Started Remount Root and Kernel File Systems.
[[0;32m  OK  [0m] Started Set console keymap.
[[0;32m  OK  [0m] Started Uncomplicated firewall.
[[0;32m  OK  [0m] Started Create list of required sta...ce nodes for the current kernel.
[[0;32m  OK  [0m] Started Nameserver information manager.
[[0;32m  OK  [0m] Started LVM2 metadata daemon.
         Starting Create Static Device Nodes in /dev...
         Starting Initial cloud-init job (pre-networking)...
         Starting Load/Save Random Seed...
         Starting udev Coldplug all Devices...
         Starting Apply Kernel Variables...
         Mounting FUSE Control File System...
         Starting Flush Journal to Persistent Storage...
[[0;32m  OK  [0m] Mounted FUSE Control File System.
[[0;32m  OK  [0m] Started Monitoring of LVM2 mirrors,...ng dmeventd or progress polling.
[[0;32m  OK  [0m] Started Create Static Device Nodes in /dev.
[[0;32m  OK  [0m] Started Load/Save Random Seed.
[[0;32m  OK  [0m] Started Apply Kernel Variables.
[[0;32m  OK  [0m] Started udev Coldplug all Devices.
         Starting udev Kernel Device Manager...
[[0;32m  OK  [0m] Started Flush Journal to Persistent Storage.
[[0;32m  OK  [0m] Started udev Kernel Device Manager.
[[0;32m  OK  [0m] Started Dispatch Password Requests to Console Directory Watch.
[[0;32m  OK  [0m] Reached target Local File Systems (Pre).
[[0;32m  OK  [0m] Reached target Local File Systems.
         Starting Set console font and keymap...
         Starting Tell Plymouth To Write Out Runtime Data...
         Starting LSB: AppArmor initialization...
         Starting Create Volatile Files and Directories...
[[0;32m  OK  [0m] Started Tell Plymouth To Write Out Runtime Data.
[[0;32m  OK  [0m] Started Create Volatile Files and Directories.
[[0;32m  OK  [0m] Found device /dev/ttyS0.
         Starting Update UTMP about System Boot/Shutdown...
[[0;32m  OK  [0m] Reached target System Time Synchronized.
[[0;32m  OK  [0m] Started Update UTMP about System Boot/Shutdown.
[[0;32m  OK  [0m] Found device 82540EM Gigabit Ethern...r (PRO/1000 MT Desktop Adapter).
[[0;32m  OK  [0m] Started Set console font and keymap.
[[0;32m  OK  [0m] Created slice system-getty.slice.
[[0;32m  OK  [0m] Listening on Load/Save RF Kill Switch Status /dev/rfkill Watch.
[[0;32m  OK  [0m] Started LSB: AppArmor initialization.
[   27.279811] cloud-init[451]: Cloud-init v. 17.1 running 'init-local' at Tue, 02 Jan 2018 00:19:36 +0000. Up 26.57 seconds.
[[0;32m  OK  [0m] Started Initial cloud-init job (pre-networking).
[[0;32m  OK  [0m] Reached target Network (Pre).
[[0;32m  OK  [0m] Started ifup for enp0s3.
         Starting Raise network interfaces...
[[0;32m  OK  [0m] Started Raise network interfaces.
         Starting Initial cloud-init job (metadata service crawler)...
[[0;32m  OK  [0m] Reached target Network.
[   28.979572] cloud-init[972]: Cloud-init v. 17.1 running 'init' at Tue, 02 Jan 2018 00:19:38 +0000. Up 28.26 seconds.
[   29.096756] cloud-init[972]: ci-info: +++++++++++++++++++++++++++++++++++++Net device info++++++++++++++++++++++++++++++++++++++
[   29.097323] cloud-init[972]: ci-info: +--------+------+----------------------------+---------------+-------+-------------------+
[[0;32m  OK  [0m] Started Initial cloud-init job (metadata service crawler).
[   29.097558] cloud-init[972]: ci-info: | Device |  Up  |          Address           |      Mask     | Scope |     Hw-Address    |
[   29.526895] cloud-init[972]: ci-info: +--------+------+----------------------------+---------------+-------+-------------------+
[   29.527600] cloud-init[972]: ci-info: | enp0s3 | True |         10.0.2.15          | 255.255.255.0 |   .   | 02:63:8e:2c:ef:cd |
[[0;32m  OK  [0m] Reached target Network is Online.
[   29.527911] cloud-init[972]: ci-info: | enp0s3 | True | fe80::63:8eff:fe2c:efcd/64 |       .       |  link | 02:63:8e:2c:ef:cd |
[   29.984732] cloud-init[972]: ci-info: |   lo   | True |         127.0.0.1          |   255.0.0.0   |   .   |         .         |
[   29.985354] cloud-init[972]: ci-info: |   lo   | True |          ::1/128           |       .       |  host |         .         |
         Starting iSCSI initiator daemon (iscsid)...
[   29.985610] cloud-init[972]: ci-info: +--------+------+----------------------------+---------------+-------+-------------------+
[   30.333464] cloud-init[972]: ci-info: +++++++++++++++++++++++++++Route IPv4 info++++++++++++++++++++++++++++
[[0;32m  OK  [0m] Reached target Cloud-config availability.
[   30.333700] cloud-init[972]: ci-info: +-------+-------------+----------+---------------+-----------+-------+
[   30.673503] cloud-init[972]: ci-info: | Route | Destination | Gateway  |    Genmask    | Interface | Flags |
[[0;32m  OK  [0m] Reached target System Initialization.
[   30.673699] cloud-init[972]: ci-info: +-------+-------------+----------+---------------+-----------+-------+
[   30.929495] cloud-init[972]: ci-info: |   0   |   0.0.0.0   | 10.0.2.2 |    0.0.0.0    |   enp0s3  |   UG  |
[[0;32m  OK  [0m] Started Daily Cleanup of Temporary Directories.
[   30.929704] cloud-init[972]: ci-info: |   1   |   10.0.2.0  | 0.0.0.0  | 255.255.255.0 |   enp0s3  |   U   |
[   31.197592] cloud-init[972]: ci-info: +-------+-------------+----------+---------------+-----------+-------+
[[0;32m  OK  [0m] Listening on ACPID Listen Socket.
[[0;32m  OK  [0m] Started Timer to automatically refresh installed snaps.
[[0;32m  OK  [0m] Listening on UUID daemon activation socket.
[[0;32m  OK  [0m] Listening on D-Bus System Message Bus Socket.
[[0;32m  OK  [0m] Started ACPI Events Check.
[[0;32m  OK  [0m] Reached target Paths.
         Starting LXD - unix socket.
         Starting Socket activation for snappy daemon.
[[0;32m  OK  [0m] Started Daily apt download activities.
[[0;32m  OK  [0m] Started Daily apt upgrade and clean activities.
[[0;32m  OK  [0m] Reached target Timers.
[[0;32m  OK  [0m] Listening on LXD - unix socket.
[[0;32m  OK  [0m] Listening on Socket activation for snappy daemon.
[[0;32m  OK  [0m] Started iSCSI initiator daemon (iscsid).
         Starting Login to default iSCSI targets...
[[0;32m  OK  [0m] Reached target Sockets.
[[0;32m  OK  [0m] Reached target Basic System.
[[0;32m  OK  [0m] Started FUSE filesystem for LXC.
[[0;32m  OK  [0m] Started Deferred execution scheduler.
         Starting Login Service...
         Starting /etc/rc.local Compatibility...
         Starting LSB: MD monitoring daemon...
         Starting Apply the settings specified in cloud-config...
[[0;32m  OK  [0m] Started ACPI event daemon.
[[0;32m  OK  [0m] Started Regular background program processing daemon.
[[0;32m  OK  [0m] Started Unattended Upgrades Shutdown.
         Starting Accounts Service...
         Starting Snappy daemon...
[[0;32m  OK  [0m] Started D-Bus System Message Bus.
[   33.349711] cloud-init[1049]: Cloud-init v. 17.1 running 'modules:config' at Tue, 02 Jan 2018 00:19:42 +0000. Up 32.82 seconds.
         Starting LSB: Record successful boot for GRUB...
         Starting OpenBSD Secure Shell server...
         Starting System Logging Service...
         Starting LXD - container startup/shutdown...
[[0;32m  OK  [0m] Started /etc/rc.local Compatibility.
[[0;32m  OK  [0m] Started Apply the settings specified in cloud-config.
[[0;32m  OK  [0m] Started Login Service.
         Starting Authenticate and Authorize Users to Run Privileged Tasks...
[[0;32m  OK  [0m] Started LSB: Record successful boot for GRUB.
[[0;32m  OK  [0m] Started System Logging Service.
[[0;32m  OK  [0m] Started Login to default iSCSI targets.
[[0;32m  OK  [0m] Started LSB: MD monitoring daemon.
[[0;32m  OK  [0m] Reached target Remote File Systems (Pre).
[[0;32m  OK  [0m] Reached target Remote File Systems.
         Starting LSB: daemon to balance interrupts for SMP systems...
         Starting Permit User Sessions...
         Starting LSB: VirtualBox Linux Additions...
         Starting LSB: Set the CPU Frequency Scaling governor to "ondemand"...
         Starting LSB: automatic crash report generation...
[[0;32m  OK  [0m] Started OpenBSD Secure Shell server.
[[0;32m  OK  [0m] Started Snappy daemon.
[[0;32m  OK  [0m] Started Permit User Sessions.
[[0;32m  OK  [0m] Started Authenticate and Authorize Users to Run Privileged Tasks.
[[0;32m  OK  [0m] Started Accounts Service.
[[0;32m  OK  [0m] Started LSB: Set the CPU Frequency Scaling governor to "ondemand".
[[0;32m  OK  [0m] Started LSB: daemon to balance interrupts for SMP systems.
[[0;32m  OK  [0m] Started LSB: automatic crash report generation.
[[0;32m  OK  [0m] Created slice User Slice of ubuntu.
         Starting User Manager for UID 1000...
[[0;32m  OK  [0m] Started Session 1 of user ubuntu.
         Starting Hold until boot process finishes up...
         Starting Terminate Plymouth Boot Screen...
[[0;32m  OK  [0m] Started User Manager for UID 1000.
[[0;32m  OK  [0m] Started LXD - container startup/shutdown.
[[0;32m  OK  [0m] Started LSB: VirtualBox Linux Additions.
[[0;32m  OK  [0m] Started Hold until boot process finishes up.
[[0;32m  OK  [0m] Started Terminate Plymouth Boot Screen.
[[0;32m  OK  [0m] Started Serial Getty on ttyS0.
[[0;32m  OK  [0m] Started Getty on tty1.
[[0;32m  OK  [0m] Reached target Login Prompts.
         Starting Set console scheme...
[[0;32m  OK  [0m] Reached target Multi-User System.
         Starting Execute cloud user/final scripts...
[[0;32m  OK  [0m] Reached target Graphical Interface.
         Starting Update UTMP about System Runlevel Changes...
[[0;32m  OK  [0m] Started Set console scheme.
[[0;32m  OK  [0m] Started Update UTMP about System Runlevel Changes.
[   37.724136] cloud-init[1203]: Cloud-init v. 17.1 running 'modules:final' at Tue, 02 Jan 2018 00:19:47 +0000. Up 37.31 seconds.
[   37.872705] cloud-init[1203]: Cloud-init v. 17.1 finished at Tue, 02 Jan 2018 00:19:47 +0000. Datasource DataSourceNoCloud [seed=/dev/sdb][dsmode=net].  Up 37.71 seconds
[[0;32m  OK  [0m] Started Execute cloud user/final scripts.
[[0;32m  OK  [0m] Reached target Cloud-init target.
         Starting Daily apt download activities...
         Stopping User Manager for UID 1000...
[[0;32m  OK  [0m] Stopped User Manager for UID 1000.
[[0;32m  OK  [0m] Removed slice User Slice of ubuntu.

Ubuntu 16.04.3 LTS ubuntu-xenial ttyS0

ubuntu-xenial login: 